<?xml version="1.0" encoding="UTF-8"?>
<!-- Generated by org.testng.reporters.JUnitReportReporter -->
<testsuite hostname="LAPTOP-2I5DC0I6" failures="0" tests="3" name="TestCases" time="0.016" errors="0" timestamp="2022-06-16T05:19:05 WAT" skipped="0">
  <testcase classname="TestCases" name="tearDown" time="0.001"/>
  <system-out/>
  <testcase classname="TestCases" name="setup" time="0.012"/>
  <system-out/>
  <testcase classname="TestCases" name="testSteps" time="0.003"/>
  <system-out/>
</testsuite> <!-- TestCases -->
